<?xml version="1.0" encoding="UTF-8"?>
<!-- Generated by org.testng.reporters.JUnitReportReporter -->
<testsuite skipped="0" hostname="Pratik" name="tests.Testing2" tests="2" failures="0" timestamp="06 Apr 2023 04:31:03 GMT" time="0.010" errors="0">
  <testcase name="test3" time="0.005" classname="tests.Testing2"/>
  <testcase name="test4" time="0.005" classname="tests.Testing2"/>
</testsuite> <!-- tests.Testing2 -->
