<?xml version="1.0" encoding="UTF-8"?>
<!-- Generated by org.testng.reporters.JUnitReportReporter -->
<testsuite skipped="0" hostname="Pratik" name="tests.Testing1" tests="4" failures="0" timestamp="06 Apr 2023 04:31:03 GMT" time="0.015" errors="0">
  <testcase name="test1" time="0.005" classname="tests.Testing1"/>
  <testcase name="test2" time="0.000" classname="tests.Testing1"/>
  <testcase name="abc" time="0.005" classname="tests.Testing1"/>
  <testcase name="abc" time="0.005" classname="tests.Testing1"/>
</testsuite> <!-- tests.Testing1 -->
