<?xml version="1.0" encoding="UTF-8"?>
<!-- Generated by org.testng.reporters.JUnitReportReporter -->
<testsuite hostname="Pratik" failures="0" tests="4" name="tests.Testing1" time="0.035" errors="0" timestamp="06 Apr 2023 04:47:15 GMT" skipped="0">
  <testcase classname="tests.Testing1" name="test2" time="0.010"/>
  <testcase classname="tests.Testing1" name="test1" time="0.005"/>
  <testcase classname="tests.Testing1" name="abc" time="0.005"/>
  <testcase classname="tests.Testing1" name="abc" time="0.015"/>
</testsuite> <!-- tests.Testing1 -->
