<?xml version="1.0" encoding="UTF-8"?>
<!-- Generated by org.testng.reporters.JUnitReportReporter -->
<testsuite hostname="Pratik" failures="0" tests="4" name="tests.Testing1" time="0.008" errors="0" timestamp="03 May 2023 08:32:59 GMT" skipped="0">
  <testcase classname="tests.Testing1" name="abc" time="0.006"/>
  <testcase classname="tests.Testing1" name="test1" time="0.000"/>
  <testcase classname="tests.Testing1" name="abc" time="0.002"/>
  <testcase classname="tests.Testing1" name="test2" time="0.000"/>
</testsuite> <!-- tests.Testing1 -->
