<?xml version="1.0" encoding="UTF-8"?>
<!-- Generated by org.testng.reporters.JUnitReportReporter -->
<testsuite hostname="Pratik" failures="0" tests="2" name="tests.Testing2" time="0.001" errors="0" timestamp="03 May 2023 08:32:59 GMT" skipped="0">
  <testcase classname="tests.Testing2" name="test3" time="0.001"/>
  <testcase classname="tests.Testing2" name="test4" time="0.000"/>
</testsuite> <!-- tests.Testing2 -->
